[i] image         Using image [1;37mboat.jpg[0m.
[i] theme         Set theme to [1;37m_home_eske__config_wpg_wallpapers_boat_jpg_dark_wal__1.1.0.json[0m.
[i] colors        Found cached colorscheme.
[i] image         Using image [1;37msunset_mountain.jpg[0m.
[i] theme         Set theme to [1;37m_home_eske__config_wpg_wallpapers_sunset_mountain_jpg_dark_wal__1.1.0.json[0m.
[i] colors        Found cached colorscheme.
[i] image         Using image [1;37mwolf.jpg[0m.
[i] theme         Set theme to [1;37m_home_eske__config_wpg_wallpapers_wolf_jpg_dark_wal__1.1.0.json[0m.
[i] colors        Found cached colorscheme.
[i] image         Using image [1;37mdefault.png[0m.
[i] theme         Set theme to [1;37m_home_eske__config_wpg_wallpapers_default_png_dark_wal__1.1.0.json[0m.
[i] colors        Found cached colorscheme.
[i] image         Using image [1;37mnightsky_mountain.jpg[0m.
[i] theme         Set theme to [1;37m_home_eske__config_wpg_wallpapers_nightsky_mountain_jpg_dark_wal__1.1.0.json[0m.
[i] colors        Found cached colorscheme.
default.png
[i] image         Using image [1;37mdefault.png[0m.
[i] theme         Set theme to [1;37m_home_eske__config_wpg_wallpapers_default_png_dark_wal__1.1.0.json[0m.
[i] colors        Found cached colorscheme.
[i] sequences     Set terminal colors.
Traceback (most recent call last):
  File "/usr/bin/wpg", line 8, in <module>
    sys.exit(main())
             ~~~~^^
  File "/usr/lib/python3.13/site-packages/wpgtk/__main__.py", line 315, in main
    process_args(args)
    ~~~~~~~~~~~~^^^^^^
  File "/usr/lib/python3.13/site-packages/wpgtk/__main__.py", line 197, in process_args
    themer.set_theme(args.s[0], args.s[0], args.r)
    ~~~~~~~~~~~~~~~~^^^^^^^^^^^^^^^^^^^^^^^^^^^^^^
  File "/usr/lib/python3.13/site-packages/wpgtk/data/themer.py", line 42, in set_theme
    pywal.export.every(colors, FORMAT_DIR)
    ~~~~~~~~~~~~~~~~~~^^^^^^^^^^^^^^^^^^^^
  File "/usr/lib/python3.13/site-packages/pywal/export.py", line 68, in every
    template(colors, file.path, join(output_dir, file.name))
    ~~~~~~~~^^^^^^^^^^^^^^^^^^^^^^^^^^^^^^^^^^^^^^^^^^^^^^^^
  File "/usr/lib/python3.13/site-packages/pywal/export.py", line 15, in template
    template_data = "".join(template_data).format(**colors)
KeyError: '\nactive-background'
/home/eske/.local/share/zap/zap.zsh: line 15: syntax error near unexpected token `('
/home/eske/.local/share/zap/zap.zsh: line 15: `                $plugin_dir/*.{plugin.,}{z,}sh{-theme,}(N)'
/home/eske/.local/share/zap/zap.zsh: line 16: syntax error near unexpected token `)'
/home/eske/.local/share/zap/zap.zsh: line 16: `            )'
/home/eske/.zshrc: line 7: plug: command not found
/home/eske/.zshrc: line 8: plug: command not found
/home/eske/.zshrc: line 10: plug: command not found
/home/eske/.zshrc: line 11: plug: command not found
/home/eske/.zshrc: line 12: plug: command not found
/home/eske/.zshrc: line 13: plug: command not found
/home/eske/.zshrc: line 14: plug: command not found
/home/eske/.zshrc: line 15: plug: command not found
/home/eske/.zshrc: line 16: plug: command not found
/home/eske/.zshrc: line 17: plug: command not found
/home/eske/.zshrc: line 18: plug: command not found
/home/eske/.zshrc: line 19: plug: command not found
/home/eske/.zshrc: line 23: autoload: command not found
/home/eske/.zshrc: line 34: zmodload: command not found
/home/eske/.zshrc: eval: line 37: unexpected argument `(' to conditional binary operator
/home/eske/.zshrc: eval: line 37: syntax error near `(['
/home/eske/.zshrc: eval: line 37: `if [[ $ZSH_VERSION == ([1-4]*) ]]; then'
CSS reload success: true
waybar: no process found
[2025-03-16 14:46:06.912] [info] Using configuration file /home/eske/dotfiles/links/.config/waybar/config.jsonc
[2025-03-16 14:46:06.912] [info] Including resource file: ~/.config/waybar/modules.jsonc
[2025-03-16 14:46:06.915] [info] Unable to receive desktop appearance: GDBus.Error:org.freedesktop.DBus.Error.UnknownMethod: No such interface “org.freedesktop.portal.Settings” on object at path /org/freedesktop/portal/desktop
[2025-03-16 14:46:06.915] [info] Using CSS file /home/eske/dotfiles/links/.config/waybar/styles.css
[2025-03-16 14:46:06.920] [info] Hyprland IPC starting
[2025-03-16 14:46:06.921] [info] Loading persistent workspaces from Hyprland workspace rules
[2025-03-16 14:46:06.999] [info] Bar configured (width: 1920, height: 56) for output: eDP-1

** (waybar:183890): WARNING **: 14:46:07.002: Status Notifier Item with bus name ':1.425' and object path '/org/ayatana/NotificationItem/nm_applet' is already registered

** (waybar:183890): WARNING **: 14:46:08.365: Status Notifier Item with bus name ':1.425' and object path '/org/ayatana/NotificationItem/nm_applet' is already registered
bash: initialize_job_control: no job control in background: Bad file descriptor
bash: /home/eske/.local/share/zap/zap.zsh: line 15: syntax error near unexpected token `('
bash: /home/eske/.local/share/zap/zap.zsh: line 15: `                $plugin_dir/*.{plugin.,}{z,}sh{-theme,}(N)'
bash: /home/eske/.local/share/zap/zap.zsh: line 16: syntax error near unexpected token `)'
bash: /home/eske/.local/share/zap/zap.zsh: line 16: `            )'
bash: plug: command not found
bash: plug: command not found
bash: plug: command not found
bash: plug: command not found
bash: plug: command not found
bash: plug: command not found
bash: plug: command not found
bash: plug: command not found
bash: plug: command not found
bash: plug: command not found
bash: plug: command not found
bash: plug: command not found
bash: autoload: command not found
bash: zmodload: command not found
bash: eval: line 37: unexpected argument `(' to conditional binary operator
bash: eval: line 37: syntax error near `(['
bash: eval: line 37: `if [[ $ZSH_VERSION == ([1-4]*) ]]; then'
[i] image         Using image [1;37mboat.jpg[0m.
[i] theme         Set theme to [1;37m_home_eske__config_wpg_wallpapers_boat_jpg_dark_wal__1.1.0.json[0m.
[i] colors        Found cached colorscheme.
[i] image         Using image [1;37msunset_mountain.jpg[0m.
[i] theme         Set theme to [1;37m_home_eske__config_wpg_wallpapers_sunset_mountain_jpg_dark_wal__1.1.0.json[0m.
[i] colors        Found cached colorscheme.
[i] image         Using image [1;37mwolf.jpg[0m.
[i] theme         Set theme to [1;37m_home_eske__config_wpg_wallpapers_wolf_jpg_dark_wal__1.1.0.json[0m.
[i] colors        Found cached colorscheme.
[i] image         Using image [1;37mdefault.png[0m.
[i] theme         Set theme to [1;37m_home_eske__config_wpg_wallpapers_default_png_dark_wal__1.1.0.json[0m.
[i] colors        Found cached colorscheme.
[i] image         Using image [1;37mnightsky_mountain.jpg[0m.
[i] theme         Set theme to [1;37m_home_eske__config_wpg_wallpapers_nightsky_mountain_jpg_dark_wal__1.1.0.json[0m.
[i] colors        Found cached colorscheme.
default.png
[i] image         Using image [1;37mdefault.png[0m.
[i] theme         Set theme to [1;37m_home_eske__config_wpg_wallpapers_default_png_dark_wal__1.1.0.json[0m.
[i] colors        Found cached colorscheme.
[i] sequences     Set terminal colors.
[i] export        Exported all files.
[i] export        Exported all user files.
[e] color         icons - base file does not exist
[2025-03-16 14:46:37.296] [info] Reloading...
[2025-03-16 14:46:37.303] [info] Using configuration file /home/eske/dotfiles/links/.config/waybar/config.jsonc
[2025-03-16 14:46:37.303] [info] Including resource file: ~/.config/waybar/modules.jsonc
[2025-03-16 14:46:37.304] [info] Using CSS file /home/eske/dotfiles/links/.config/waybar/styles.css
[w] reload        No settings daemon found, just refreshing Arc-Dark theme from gsettings
[i] wallpaper     Set the new wallpaper.
[2025-03-16 14:46:37.314] [info] Loading persistent workspaces from Hyprland workspace rules
Terminated
/home/eske/.local/share/zap/zap.zsh: line 15: syntax error near unexpected token `('
/home/eske/.local/share/zap/zap.zsh: line 15: `                $plugin_dir/*.{plugin.,}{z,}sh{-theme,}(N)'
/home/eske/.local/share/zap/zap.zsh: line 16: syntax error near unexpected token `)'
/home/eske/.local/share/zap/zap.zsh: line 16: `            )'
/home/eske/.zshrc: line 7: plug: command not found
/home/eske/.zshrc: line 8: plug: command not found
/home/eske/.zshrc: line 10: plug: command not found
/home/eske/.zshrc: line 11: plug: command not found
/home/eske/.zshrc: line 12: plug: command not found
/home/eske/.zshrc: line 13: plug: command not found
/home/eske/.zshrc: line 14: plug: command not found
/home/eske/.zshrc: line 15: plug: command not found
/home/eske/.zshrc: line 16: plug: command not found
/home/eske/.zshrc: line 17: plug: command not found
/home/eske/.zshrc: line 18: plug: command not found
/home/eske/.zshrc: line 19: plug: command not found
/home/eske/.zshrc: line 23: autoload: command not found
/home/eske/.zshrc: line 34: zmodload: command not found
/home/eske/.zshrc: eval: line 37: unexpected argument `(' to conditional binary operator
/home/eske/.zshrc: eval: line 37: syntax error near `(['
/home/eske/.zshrc: eval: line 37: `if [[ $ZSH_VERSION == ([1-4]*) ]]; then'
waybar: no process found
CSS reload success: true
[2025-03-16 14:46:38.258] [info] Using configuration file /home/eske/dotfiles/links/.config/waybar/config.jsonc
[2025-03-16 14:46:38.258] [info] Including resource file: ~/.config/waybar/modules.jsonc
[2025-03-16 14:46:38.261] [info] Unable to receive desktop appearance: GDBus.Error:org.freedesktop.DBus.Error.UnknownMethod: No such interface “org.freedesktop.portal.Settings” on object at path /org/freedesktop/portal/desktop
[2025-03-16 14:46:38.261] [info] Using CSS file /home/eske/dotfiles/links/.config/waybar/styles.css
[2025-03-16 14:46:38.270] [info] Hyprland IPC starting
[2025-03-16 14:46:38.272] [info] Loading persistent workspaces from Hyprland workspace rules
[2025-03-16 14:46:38.348] [info] Bar configured (width: 1920, height: 56) for output: eDP-1
[2025-03-16 14:46:38.348] [error] Item '': No icon name or pixmap given.

** (waybar:184152): WARNING **: 14:46:38.349: Status Notifier Item with bus name ':1.425' and object path '/org/ayatana/NotificationItem/nm_applet' is already registered

** (waybar:184152): WARNING **: 14:46:39.356: Status Notifier Item with bus name ':1.425' and object path '/org/ayatana/NotificationItem/nm_applet' is already registered
bash: initialize_job_control: no job control in background: Bad file descriptor
bash: /home/eske/.local/share/zap/zap.zsh: line 15: syntax error near unexpected token `('
bash: /home/eske/.local/share/zap/zap.zsh: line 15: `                $plugin_dir/*.{plugin.,}{z,}sh{-theme,}(N)'
bash: /home/eske/.local/share/zap/zap.zsh: line 16: syntax error near unexpected token `)'
bash: /home/eske/.local/share/zap/zap.zsh: line 16: `            )'
bash: plug: command not found
bash: plug: command not found
bash: plug: command not found
bash: plug: command not found
bash: plug: command not found
bash: plug: command not found
bash: plug: command not found
bash: plug: command not found
bash: plug: command not found
bash: plug: command not found
bash: plug: command not found
bash: plug: command not found
bash: autoload: command not found
bash: zmodload: command not found
bash: eval: line 37: unexpected argument `(' to conditional binary operator
bash: eval: line 37: syntax error near `(['
bash: eval: line 37: `if [[ $ZSH_VERSION == ([1-4]*) ]]; then'
[i] image         Using image [1;37mboat.jpg[0m.
[i] theme         Set theme to [1;37m_home_eske__config_wpg_wallpapers_boat_jpg_dark_wal__1.1.0.json[0m.
[i] colors        Found cached colorscheme.
[i] image         Using image [1;37msunset_mountain.jpg[0m.
[i] theme         Set theme to [1;37m_home_eske__config_wpg_wallpapers_sunset_mountain_jpg_dark_wal__1.1.0.json[0m.
[i] colors        Found cached colorscheme.
[i] image         Using image [1;37mwolf.jpg[0m.
[i] theme         Set theme to [1;37m_home_eske__config_wpg_wallpapers_wolf_jpg_dark_wal__1.1.0.json[0m.
[i] colors        Found cached colorscheme.
[i] image         Using image [1;37mdefault.png[0m.
[i] theme         Set theme to [1;37m_home_eske__config_wpg_wallpapers_default_png_dark_wal__1.1.0.json[0m.
[i] colors        Found cached colorscheme.
[i] image         Using image [1;37mnightsky_mountain.jpg[0m.
[i] theme         Set theme to [1;37m_home_eske__config_wpg_wallpapers_nightsky_mountain_jpg_dark_wal__1.1.0.json[0m.
[i] colors        Found cached colorscheme.
default.png
[i] image         Using image [1;37mdefault.png[0m.
[i] theme         Set theme to [1;37m_home_eske__config_wpg_wallpapers_default_png_dark_wal__1.1.0.json[0m.
[i] colors        Found cached colorscheme.
[i] sequences     Set terminal colors.
[i] export        Exported all files.
[i] export        Exported all user files.
[e] color         icons - base file does not exist
[2025-03-16 14:48:46.542] [info] Reloading...
[w] reload        No settings daemon found, just refreshing Arc-Dark theme from gsettings
[i] wallpaper     Set the new wallpaper.
[2025-03-16 14:48:46.548] [info] Using configuration file /home/eske/dotfiles/links/.config/waybar/config.jsonc
[2025-03-16 14:48:46.548] [info] Including resource file: ~/.config/waybar/modules.jsonc
[2025-03-16 14:48:46.548] [info] Using CSS file /home/eske/dotfiles/links/.config/waybar/styles.css
[2025-03-16 14:48:46.561] [info] Loading persistent workspaces from Hyprland workspace rules
Terminated
/home/eske/.local/share/zap/zap.zsh: line 15: syntax error near unexpected token `('
/home/eske/.local/share/zap/zap.zsh: line 15: `                $plugin_dir/*.{plugin.,}{z,}sh{-theme,}(N)'
/home/eske/.local/share/zap/zap.zsh: line 16: syntax error near unexpected token `)'
/home/eske/.local/share/zap/zap.zsh: line 16: `            )'
/home/eske/.zshrc: line 7: plug: command not found
/home/eske/.zshrc: line 8: plug: command not found
/home/eske/.zshrc: line 10: plug: command not found
/home/eske/.zshrc: line 11: plug: command not found
/home/eske/.zshrc: line 12: plug: command not found
/home/eske/.zshrc: line 13: plug: command not found
/home/eske/.zshrc: line 14: plug: command not found
/home/eske/.zshrc: line 15: plug: command not found
/home/eske/.zshrc: line 16: plug: command not found
/home/eske/.zshrc: line 17: plug: command not found
/home/eske/.zshrc: line 18: plug: command not found
/home/eske/.zshrc: line 19: plug: command not found
/home/eske/.zshrc: line 23: autoload: command not found
/home/eske/.zshrc: line 34: zmodload: command not found
/home/eske/.zshrc: eval: line 37: unexpected argument `(' to conditional binary operator
/home/eske/.zshrc: eval: line 37: syntax error near `(['
/home/eske/.zshrc: eval: line 37: `if [[ $ZSH_VERSION == ([1-4]*) ]]; then'
CSS reload success: true
waybar: no process found
[2025-03-16 14:48:47.478] [info] Using configuration file /home/eske/dotfiles/links/.config/waybar/config.jsonc
[2025-03-16 14:48:47.478] [info] Including resource file: ~/.config/waybar/modules.jsonc
[2025-03-16 14:48:47.479] [info] Unable to receive desktop appearance: GDBus.Error:org.freedesktop.DBus.Error.UnknownMethod: No such interface “org.freedesktop.portal.Settings” on object at path /org/freedesktop/portal/desktop
[2025-03-16 14:48:47.479] [info] Using CSS file /home/eske/dotfiles/links/.config/waybar/styles.css
[2025-03-16 14:48:47.485] [info] Hyprland IPC starting
[2025-03-16 14:48:47.487] [info] Loading persistent workspaces from Hyprland workspace rules
[2025-03-16 14:48:47.640] [info] Bar configured (width: 1920, height: 56) for output: eDP-1

** (waybar:184558): WARNING **: 14:48:47.646: Status Notifier Item with bus name ':1.425' and object path '/org/ayatana/NotificationItem/nm_applet' is already registered

** (waybar:184558): WARNING **: 14:48:49.368: Status Notifier Item with bus name ':1.425' and object path '/org/ayatana/NotificationItem/nm_applet' is already registered
bash: initialize_job_control: no job control in background: Bad file descriptor
bash: /home/eske/.local/share/zap/zap.zsh: line 15: syntax error near unexpected token `('
bash: /home/eske/.local/share/zap/zap.zsh: line 15: `                $plugin_dir/*.{plugin.,}{z,}sh{-theme,}(N)'
bash: /home/eske/.local/share/zap/zap.zsh: line 16: syntax error near unexpected token `)'
bash: /home/eske/.local/share/zap/zap.zsh: line 16: `            )'
bash: plug: command not found
bash: plug: command not found
bash: plug: command not found
bash: plug: command not found
bash: plug: command not found
bash: plug: command not found
bash: plug: command not found
bash: plug: command not found
bash: plug: command not found
bash: plug: command not found
bash: plug: command not found
bash: plug: command not found
bash: autoload: command not found
bash: zmodload: command not found
bash: eval: line 37: unexpected argument `(' to conditional binary operator
bash: eval: line 37: syntax error near `(['
bash: eval: line 37: `if [[ $ZSH_VERSION == ([1-4]*) ]]; then'
[i] image         Using image [1;37mboat.jpg[0m.
[i] theme         Set theme to [1;37m_home_eske__config_wpg_wallpapers_boat_jpg_dark_wal__1.1.0.json[0m.
[i] colors        Found cached colorscheme.
[i] image         Using image [1;37msunset_mountain.jpg[0m.
[i] theme         Set theme to [1;37m_home_eske__config_wpg_wallpapers_sunset_mountain_jpg_dark_wal__1.1.0.json[0m.
[i] colors        Found cached colorscheme.
[i] image         Using image [1;37mwolf.jpg[0m.
[i] theme         Set theme to [1;37m_home_eske__config_wpg_wallpapers_wolf_jpg_dark_wal__1.1.0.json[0m.
[i] colors        Found cached colorscheme.
[i] image         Using image [1;37mdefault.png[0m.
[i] theme         Set theme to [1;37m_home_eske__config_wpg_wallpapers_default_png_dark_wal__1.1.0.json[0m.
[i] colors        Found cached colorscheme.
[i] image         Using image [1;37mnightsky_mountain.jpg[0m.
[i] theme         Set theme to [1;37m_home_eske__config_wpg_wallpapers_nightsky_mountain_jpg_dark_wal__1.1.0.json[0m.
[i] colors        Found cached colorscheme.
default.png
[i] image         Using image [1;37mdefault.png[0m.
[i] theme         Set theme to [1;37m_home_eske__config_wpg_wallpapers_default_png_dark_wal__1.1.0.json[0m.
[i] colors        Found cached colorscheme.
[i] sequences     Set terminal colors.
Traceback (most recent call last):
  File "/usr/bin/wpg", line 8, in <module>
    sys.exit(main())
             ~~~~^^
  File "/usr/lib/python3.13/site-packages/wpgtk/__main__.py", line 315, in main
    process_args(args)
    ~~~~~~~~~~~~^^^^^^
  File "/usr/lib/python3.13/site-packages/wpgtk/__main__.py", line 197, in process_args
    themer.set_theme(args.s[0], args.s[0], args.r)
    ~~~~~~~~~~~~~~~~^^^^^^^^^^^^^^^^^^^^^^^^^^^^^^
  File "/usr/lib/python3.13/site-packages/wpgtk/data/themer.py", line 42, in set_theme
    pywal.export.every(colors, FORMAT_DIR)
    ~~~~~~~~~~~~~~~~~~^^^^^^^^^^^^^^^^^^^^
  File "/usr/lib/python3.13/site-packages/pywal/export.py", line 68, in every
    template(colors, file.path, join(output_dir, file.name))
    ~~~~~~~~^^^^^^^^^^^^^^^^^^^^^^^^^^^^^^^^^^^^^^^^^^^^^^^^
  File "/usr/lib/python3.13/site-packages/pywal/export.py", line 15, in template
    template_data = "".join(template_data).format(**colors)
KeyError: '\nactive-background'
Terminated
/home/eske/.local/share/zap/zap.zsh: line 15: syntax error near unexpected token `('
/home/eske/.local/share/zap/zap.zsh: line 15: `                $plugin_dir/*.{plugin.,}{z,}sh{-theme,}(N)'
/home/eske/.local/share/zap/zap.zsh: line 16: syntax error near unexpected token `)'
/home/eske/.local/share/zap/zap.zsh: line 16: `            )'
/home/eske/.zshrc: line 7: plug: command not found
/home/eske/.zshrc: line 8: plug: command not found
/home/eske/.zshrc: line 10: plug: command not found
/home/eske/.zshrc: line 11: plug: command not found
/home/eske/.zshrc: line 12: plug: command not found
/home/eske/.zshrc: line 13: plug: command not found
/home/eske/.zshrc: line 14: plug: command not found
/home/eske/.zshrc: line 15: plug: command not found
/home/eske/.zshrc: line 16: plug: command not found
/home/eske/.zshrc: line 17: plug: command not found
/home/eske/.zshrc: line 18: plug: command not found
/home/eske/.zshrc: line 19: plug: command not found
/home/eske/.zshrc: line 23: autoload: command not found
/home/eske/.zshrc: line 34: zmodload: command not found
/home/eske/.zshrc: eval: line 37: unexpected argument `(' to conditional binary operator
/home/eske/.zshrc: eval: line 37: syntax error near `(['
/home/eske/.zshrc: eval: line 37: `if [[ $ZSH_VERSION == ([1-4]*) ]]; then'
CSS reload success: true
waybar: no process found
[2025-03-16 14:48:59.667] [info] Using configuration file /home/eske/dotfiles/links/.config/waybar/config.jsonc
[2025-03-16 14:48:59.667] [info] Including resource file: ~/.config/waybar/modules.jsonc
[2025-03-16 14:48:59.669] [info] Unable to receive desktop appearance: GDBus.Error:org.freedesktop.DBus.Error.UnknownMethod: No such interface “org.freedesktop.portal.Settings” on object at path /org/freedesktop/portal/desktop
[2025-03-16 14:48:59.669] [info] Using CSS file /home/eske/dotfiles/links/.config/waybar/styles.css
[2025-03-16 14:48:59.675] [info] Hyprland IPC starting
[2025-03-16 14:48:59.676] [info] Loading persistent workspaces from Hyprland workspace rules
[2025-03-16 14:48:59.824] [info] Bar configured (width: 1920, height: 56) for output: eDP-1

** (waybar:184703): WARNING **: 14:48:59.828: Status Notifier Item with bus name ':1.425' and object path '/org/ayatana/NotificationItem/nm_applet' is already registered

** (waybar:184703): WARNING **: 14:49:01.369: Status Notifier Item with bus name ':1.425' and object path '/org/ayatana/NotificationItem/nm_applet' is already registered
bash: initialize_job_control: no job control in background: Bad file descriptor
bash: /home/eske/.local/share/zap/zap.zsh: line 15: syntax error near unexpected token `('
bash: /home/eske/.local/share/zap/zap.zsh: line 15: `                $plugin_dir/*.{plugin.,}{z,}sh{-theme,}(N)'
bash: /home/eske/.local/share/zap/zap.zsh: line 16: syntax error near unexpected token `)'
bash: /home/eske/.local/share/zap/zap.zsh: line 16: `            )'
bash: plug: command not found
bash: plug: command not found
bash: plug: command not found
bash: plug: command not found
bash: plug: command not found
bash: plug: command not found
bash: plug: command not found
bash: plug: command not found
bash: plug: command not found
bash: plug: command not found
bash: plug: command not found
bash: plug: command not found
bash: autoload: command not found
bash: zmodload: command not found
bash: eval: line 37: unexpected argument `(' to conditional binary operator
bash: eval: line 37: syntax error near `(['
bash: eval: line 37: `if [[ $ZSH_VERSION == ([1-4]*) ]]; then'
[i] image         Using image [1;37mboat.jpg[0m.
[i] theme         Set theme to [1;37m_home_eske__config_wpg_wallpapers_boat_jpg_dark_wal__1.1.0.json[0m.
[i] colors        Found cached colorscheme.
[i] image         Using image [1;37msunset_mountain.jpg[0m.
[i] theme         Set theme to [1;37m_home_eske__config_wpg_wallpapers_sunset_mountain_jpg_dark_wal__1.1.0.json[0m.
[i] colors        Found cached colorscheme.
[i] image         Using image [1;37mwolf.jpg[0m.
[i] theme         Set theme to [1;37m_home_eske__config_wpg_wallpapers_wolf_jpg_dark_wal__1.1.0.json[0m.
[i] colors        Found cached colorscheme.
[i] image         Using image [1;37mdefault.png[0m.
[i] theme         Set theme to [1;37m_home_eske__config_wpg_wallpapers_default_png_dark_wal__1.1.0.json[0m.
[i] colors        Found cached colorscheme.
[i] image         Using image [1;37mnightsky_mountain.jpg[0m.
[i] theme         Set theme to [1;37m_home_eske__config_wpg_wallpapers_nightsky_mountain_jpg_dark_wal__1.1.0.json[0m.
[i] colors        Found cached colorscheme.
nightsky_mountain.jpg
[i] image         Using image [1;37mnightsky_mountain.jpg[0m.
[i] theme         Set theme to [1;37m_home_eske__config_wpg_wallpapers_nightsky_mountain_jpg_dark_wal__1.1.0.json[0m.
[i] colors        Found cached colorscheme.
[i] sequences     Set terminal colors.
Traceback (most recent call last):
  File "/usr/bin/wpg", line 8, in <module>
    sys.exit(main())
             ~~~~^^
  File "/usr/lib/python3.13/site-packages/wpgtk/__main__.py", line 315, in main
    process_args(args)
    ~~~~~~~~~~~~^^^^^^
  File "/usr/lib/python3.13/site-packages/wpgtk/__main__.py", line 197, in process_args
    themer.set_theme(args.s[0], args.s[0], args.r)
    ~~~~~~~~~~~~~~~~^^^^^^^^^^^^^^^^^^^^^^^^^^^^^^
  File "/usr/lib/python3.13/site-packages/wpgtk/data/themer.py", line 42, in set_theme
    pywal.export.every(colors, FORMAT_DIR)
    ~~~~~~~~~~~~~~~~~~^^^^^^^^^^^^^^^^^^^^
  File "/usr/lib/python3.13/site-packages/pywal/export.py", line 68, in every
    template(colors, file.path, join(output_dir, file.name))
    ~~~~~~~~^^^^^^^^^^^^^^^^^^^^^^^^^^^^^^^^^^^^^^^^^^^^^^^^
  File "/usr/lib/python3.13/site-packages/pywal/export.py", line 15, in template
    template_data = "".join(template_data).format(**colors)
KeyError: '\nactive-background'
Terminated
/home/eske/.local/share/zap/zap.zsh: line 15: syntax error near unexpected token `('
/home/eske/.local/share/zap/zap.zsh: line 15: `                $plugin_dir/*.{plugin.,}{z,}sh{-theme,}(N)'
/home/eske/.local/share/zap/zap.zsh: line 16: syntax error near unexpected token `)'
/home/eske/.local/share/zap/zap.zsh: line 16: `            )'
/home/eske/.zshrc: line 7: plug: command not found
/home/eske/.zshrc: line 8: plug: command not found
/home/eske/.zshrc: line 10: plug: command not found
/home/eske/.zshrc: line 11: plug: command not found
/home/eske/.zshrc: line 12: plug: command not found
/home/eske/.zshrc: line 13: plug: command not found
/home/eske/.zshrc: line 14: plug: command not found
/home/eske/.zshrc: line 15: plug: command not found
/home/eske/.zshrc: line 16: plug: command not found
/home/eske/.zshrc: line 17: plug: command not found
/home/eske/.zshrc: line 18: plug: command not found
/home/eske/.zshrc: line 19: plug: command not found
/home/eske/.zshrc: line 23: autoload: command not found
/home/eske/.zshrc: line 34: zmodload: command not found
/home/eske/.zshrc: eval: line 37: unexpected argument `(' to conditional binary operator
/home/eske/.zshrc: eval: line 37: syntax error near `(['
/home/eske/.zshrc: eval: line 37: `if [[ $ZSH_VERSION == ([1-4]*) ]]; then'
CSS reload success: true
waybar: no process found
[2025-03-16 14:49:55.562] [info] Using configuration file /home/eske/dotfiles/links/.config/waybar/config.jsonc
[2025-03-16 14:49:55.562] [info] Including resource file: ~/.config/waybar/modules.jsonc
[2025-03-16 14:49:55.564] [info] Unable to receive desktop appearance: GDBus.Error:org.freedesktop.DBus.Error.UnknownMethod: No such interface “org.freedesktop.portal.Settings” on object at path /org/freedesktop/portal/desktop
[2025-03-16 14:49:55.564] [info] Using CSS file /home/eske/dotfiles/links/.config/waybar/styles.css
[2025-03-16 14:49:55.574] [info] Hyprland IPC starting
[2025-03-16 14:49:55.575] [info] Loading persistent workspaces from Hyprland workspace rules
[2025-03-16 14:49:55.653] [info] Bar configured (width: 1920, height: 56) for output: eDP-1

** (waybar:184916): WARNING **: 14:49:55.658: Status Notifier Item with bus name ':1.425' and object path '/org/ayatana/NotificationItem/nm_applet' is already registered

** (waybar:184916): WARNING **: 14:49:57.337: Status Notifier Item with bus name ':1.425' and object path '/org/ayatana/NotificationItem/nm_applet' is already registered
bash: initialize_job_control: no job control in background: Bad file descriptor
bash: /home/eske/.local/share/zap/zap.zsh: line 15: syntax error near unexpected token `('
bash: /home/eske/.local/share/zap/zap.zsh: line 15: `                $plugin_dir/*.{plugin.,}{z,}sh{-theme,}(N)'
bash: /home/eske/.local/share/zap/zap.zsh: line 16: syntax error near unexpected token `)'
bash: /home/eske/.local/share/zap/zap.zsh: line 16: `            )'
bash: plug: command not found
bash: plug: command not found
bash: plug: command not found
bash: plug: command not found
bash: plug: command not found
bash: plug: command not found
bash: plug: command not found
bash: plug: command not found
bash: plug: command not found
bash: plug: command not found
bash: plug: command not found
bash: plug: command not found
bash: autoload: command not found
bash: zmodload: command not found
bash: eval: line 37: unexpected argument `(' to conditional binary operator
bash: eval: line 37: syntax error near `(['
bash: eval: line 37: `if [[ $ZSH_VERSION == ([1-4]*) ]]; then'
[i] image         Using image [1;37mboat.jpg[0m.
[i] theme         Set theme to [1;37m_home_eske__config_wpg_wallpapers_boat_jpg_dark_wal__1.1.0.json[0m.
[i] colors        Found cached colorscheme.
[i] image         Using image [1;37msunset_mountain.jpg[0m.
[i] theme         Set theme to [1;37m_home_eske__config_wpg_wallpapers_sunset_mountain_jpg_dark_wal__1.1.0.json[0m.
[i] colors        Found cached colorscheme.
[i] image         Using image [1;37mwolf.jpg[0m.
[i] theme         Set theme to [1;37m_home_eske__config_wpg_wallpapers_wolf_jpg_dark_wal__1.1.0.json[0m.
[i] colors        Found cached colorscheme.
[i] image         Using image [1;37mdefault.png[0m.
[i] theme         Set theme to [1;37m_home_eske__config_wpg_wallpapers_default_png_dark_wal__1.1.0.json[0m.
[i] colors        Found cached colorscheme.
[i] image         Using image [1;37mnightsky_mountain.jpg[0m.
[i] theme         Set theme to [1;37m_home_eske__config_wpg_wallpapers_nightsky_mountain_jpg_dark_wal__1.1.0.json[0m.
[i] colors        Found cached colorscheme.
default.png
[i] image         Using image [1;37mdefault.png[0m.
[i] theme         Set theme to [1;37m_home_eske__config_wpg_wallpapers_default_png_dark_wal__1.1.0.json[0m.
[i] colors        Found cached colorscheme.
[i] sequences     Set terminal colors.
[i] export        Exported all files.
[i] export        Exported all user files.
[e] color         icons - base file does not exist
[2025-03-16 14:50:42.991] [info] Reloading...
[w] reload        No settings daemon found, just refreshing Arc-Dark theme from gsettings
[i] wallpaper     Set the new wallpaper.
[2025-03-16 14:50:43.000] [info] Using configuration file /home/eske/dotfiles/links/.config/waybar/config.jsonc
[2025-03-16 14:50:43.000] [info] Including resource file: ~/.config/waybar/modules.jsonc
[2025-03-16 14:50:43.000] [info] Using CSS file /home/eske/dotfiles/links/.config/waybar/styles.css
[2025-03-16 14:50:43.011] [info] Loading persistent workspaces from Hyprland workspace rules
Terminated
/home/eske/.local/share/zap/zap.zsh: line 15: syntax error near unexpected token `('
/home/eske/.local/share/zap/zap.zsh: line 15: `                $plugin_dir/*.{plugin.,}{z,}sh{-theme,}(N)'
/home/eske/.local/share/zap/zap.zsh: line 16: syntax error near unexpected token `)'
/home/eske/.local/share/zap/zap.zsh: line 16: `            )'
/home/eske/.zshrc: line 7: plug: command not found
/home/eske/.zshrc: line 8: plug: command not found
/home/eske/.zshrc: line 10: plug: command not found
/home/eske/.zshrc: line 11: plug: command not found
/home/eske/.zshrc: line 12: plug: command not found
/home/eske/.zshrc: line 13: plug: command not found
/home/eske/.zshrc: line 14: plug: command not found
/home/eske/.zshrc: line 15: plug: command not found
/home/eske/.zshrc: line 16: plug: command not found
/home/eske/.zshrc: line 17: plug: command not found
/home/eske/.zshrc: line 18: plug: command not found
/home/eske/.zshrc: line 19: plug: command not found
/home/eske/.zshrc: line 23: autoload: command not found
/home/eske/.zshrc: line 34: zmodload: command not found
/home/eske/.zshrc: eval: line 37: unexpected argument `(' to conditional binary operator
/home/eske/.zshrc: eval: line 37: syntax error near `(['
/home/eske/.zshrc: eval: line 37: `if [[ $ZSH_VERSION == ([1-4]*) ]]; then'
waybar: no process found
CSS reload success: true
[2025-03-16 14:50:43.905] [info] Using configuration file /home/eske/dotfiles/links/.config/waybar/config.jsonc
[2025-03-16 14:50:43.905] [info] Including resource file: ~/.config/waybar/modules.jsonc
[2025-03-16 14:50:43.907] [info] Unable to receive desktop appearance: GDBus.Error:org.freedesktop.DBus.Error.UnknownMethod: No such interface “org.freedesktop.portal.Settings” on object at path /org/freedesktop/portal/desktop
[2025-03-16 14:50:43.907] [info] Using CSS file /home/eske/dotfiles/links/.config/waybar/styles.css
[2025-03-16 14:50:43.917] [info] Hyprland IPC starting
[2025-03-16 14:50:43.918] [info] Loading persistent workspaces from Hyprland workspace rules
[2025-03-16 14:50:44.005] [info] Bar configured (width: 1920, height: 56) for output: eDP-1
[2025-03-16 14:50:44.005] [error] Item '': No icon name or pixmap given.

** (waybar:185185): WARNING **: 14:50:44.009: Status Notifier Item with bus name ':1.425' and object path '/org/ayatana/NotificationItem/nm_applet' is already registered

** (waybar:185185): WARNING **: 14:50:45.370: Status Notifier Item with bus name ':1.425' and object path '/org/ayatana/NotificationItem/nm_applet' is already registered
bash: initialize_job_control: no job control in background: Bad file descriptor
bash: /home/eske/.local/share/zap/zap.zsh: line 15: syntax error near unexpected token `('
bash: /home/eske/.local/share/zap/zap.zsh: line 15: `                $plugin_dir/*.{plugin.,}{z,}sh{-theme,}(N)'
bash: /home/eske/.local/share/zap/zap.zsh: line 16: syntax error near unexpected token `)'
bash: /home/eske/.local/share/zap/zap.zsh: line 16: `            )'
bash: plug: command not found
bash: plug: command not found
bash: plug: command not found
bash: plug: command not found
bash: plug: command not found
bash: plug: command not found
bash: plug: command not found
bash: plug: command not found
bash: plug: command not found
bash: plug: command not found
bash: plug: command not found
bash: plug: command not found
bash: autoload: command not found
bash: zmodload: command not found
bash: eval: line 37: unexpected argument `(' to conditional binary operator
bash: eval: line 37: syntax error near `(['
bash: eval: line 37: `if [[ $ZSH_VERSION == ([1-4]*) ]]; then'
[i] image         Using image [1;37mboat.jpg[0m.
[i] theme         Set theme to [1;37m_home_eske__config_wpg_wallpapers_boat_jpg_dark_wal__1.1.0.json[0m.
[i] colors        Found cached colorscheme.
[i] image         Using image [1;37msunset_mountain.jpg[0m.
[i] theme         Set theme to [1;37m_home_eske__config_wpg_wallpapers_sunset_mountain_jpg_dark_wal__1.1.0.json[0m.
[i] colors        Found cached colorscheme.
[i] image         Using image [1;37mwolf.jpg[0m.
[i] theme         Set theme to [1;37m_home_eske__config_wpg_wallpapers_wolf_jpg_dark_wal__1.1.0.json[0m.
[i] colors        Found cached colorscheme.
[i] image         Using image [1;37mdefault.png[0m.
[i] theme         Set theme to [1;37m_home_eske__config_wpg_wallpapers_default_png_dark_wal__1.1.0.json[0m.
[i] colors        Found cached colorscheme.
[i] image         Using image [1;37mnightsky_mountain.jpg[0m.
[i] theme         Set theme to [1;37m_home_eske__config_wpg_wallpapers_nightsky_mountain_jpg_dark_wal__1.1.0.json[0m.
[i] colors        Found cached colorscheme.
default.png
[i] image         Using image [1;37mdefault.png[0m.
[i] theme         Set theme to [1;37m_home_eske__config_wpg_wallpapers_default_png_dark_wal__1.1.0.json[0m.
[i] colors        Found cached colorscheme.
[i] sequences     Set terminal colors.
[i] export        Exported all files.
[i] export        Exported all user files.
[e] color         icons - base file does not exist
[2025-03-16 14:51:09.140] [info] Reloading...
[w] reload        No settings daemon found, just refreshing Arc-Dark theme from gsettings
[i] wallpaper     Set the new wallpaper.
[2025-03-16 14:51:09.158] [info] Using configuration file /home/eske/dotfiles/links/.config/waybar/config.jsonc
[2025-03-16 14:51:09.158] [info] Including resource file: ~/.config/waybar/modules.jsonc
[2025-03-16 14:51:09.159] [info] Using CSS file /home/eske/dotfiles/links/.config/waybar/styles.css
[2025-03-16 14:51:09.204] [info] Loading persistent workspaces from Hyprland workspace rules
Terminated
/home/eske/.local/share/zap/zap.zsh: line 15: syntax error near unexpected token `('
/home/eske/.local/share/zap/zap.zsh: line 15: `                $plugin_dir/*.{plugin.,}{z,}sh{-theme,}(N)'
/home/eske/.local/share/zap/zap.zsh: line 16: syntax error near unexpected token `)'
/home/eske/.local/share/zap/zap.zsh: line 16: `            )'
/home/eske/.zshrc: line 7: plug: command not found
/home/eske/.zshrc: line 8: plug: command not found
/home/eske/.zshrc: line 10: plug: command not found
/home/eske/.zshrc: line 11: plug: command not found
/home/eske/.zshrc: line 12: plug: command not found
/home/eske/.zshrc: line 13: plug: command not found
/home/eske/.zshrc: line 14: plug: command not found
/home/eske/.zshrc: line 15: plug: command not found
/home/eske/.zshrc: line 16: plug: command not found
/home/eske/.zshrc: line 17: plug: command not found
/home/eske/.zshrc: line 18: plug: command not found
/home/eske/.zshrc: line 19: plug: command not found
/home/eske/.zshrc: line 23: autoload: command not found
CSS reload success: true
/home/eske/.zshrc: line 34: zmodload: command not found
/home/eske/.zshrc: eval: line 37: unexpected argument `(' to conditional binary operator
/home/eske/.zshrc: eval: line 37: syntax error near `(['
/home/eske/.zshrc: eval: line 37: `if [[ $ZSH_VERSION == ([1-4]*) ]]; then'
waybar: no process found
[2025-03-16 14:51:10.110] [info] Using configuration file /home/eske/dotfiles/links/.config/waybar/config.jsonc
[2025-03-16 14:51:10.110] [info] Including resource file: ~/.config/waybar/modules.jsonc
[2025-03-16 14:51:10.112] [info] Unable to receive desktop appearance: GDBus.Error:org.freedesktop.DBus.Error.UnknownMethod: No such interface “org.freedesktop.portal.Settings” on object at path /org/freedesktop/portal/desktop
[2025-03-16 14:51:10.112] [info] Using CSS file /home/eske/dotfiles/links/.config/waybar/styles.css
[2025-03-16 14:51:10.118] [info] Hyprland IPC starting
[2025-03-16 14:51:10.120] [info] Loading persistent workspaces from Hyprland workspace rules
[2025-03-16 14:51:10.205] [info] Bar configured (width: 1920, height: 56) for output: eDP-1

** (waybar:185449): WARNING **: 14:51:10.209: Status Notifier Item with bus name ':1.425' and object path '/org/ayatana/NotificationItem/nm_applet' is already registered

** (waybar:185449): WARNING **: 14:51:11.370: Status Notifier Item with bus name ':1.425' and object path '/org/ayatana/NotificationItem/nm_applet' is already registered
[2025-03-16 14:58:48.836] [warning] [wireplumber]: '4294967295' is not a valid node ID. Ignoring node change.
Gdk-Message: 15:42:26.460: Error reading events from display: Connection reset by peer
[[1m[34mI[39m[0m] [1m[35mimage[39m[0m: wolf.jpg
[[1m[34mI[39m[0m] [1m[35mimage parser[39m[0m: Using [32m[1mFastResize[0m[39m backend parser
[[1m[34mI[39m[0m] [1m[35mthreshold[39m[0m: Using a threshold of 11 in between colors.
[[1m[34mI[39m[0m] [1m[35mcolorspace[39m[0m: Using [35m[1mLchMixed[0m[39m colorspace variation
[[1m[34mI[39m[0m] [1m[35mscheme palette[39m[0m: Using [34m[1mDark[0m[39m palette
▐⠂       ▌     0.000 s	Generating color scheme..▐⠈       ▌     0.080 s	Generating color scheme..▐ ⠂      ▌     0.130 s	Generating color scheme..[2K[[1m[34mI[39m[0m] Not enough colors in the image, artificially generating new colors...
[[1m[34mI[39m[0m] [1m[35mfallback generation method[39m[0m: Using [34mInterpolate[39m to fill the palette
[[1m[34mI[39m[0m] Color scheme palette generated!

[48;2;67;64;62m    [49m[48;2;44;27;17m    [49m[48;2;49;63;66m    [49m[48;2;116;71;40m    [49m[48;2;164;100;56m    [49m[48;2;123;126;138m    [49m[48;2;165;166;176m    [49m[48;2;202;202;207m    [49m
[48;2;141;141;145m    [49m[48;2;44;27;17m    [49m[48;2;49;63;66m    [49m[48;2;116;71;40m    [49m[48;2;164;100;56m    [49m[48;2;123;126;138m    [49m[48;2;165;166;176m    [49m[48;2;202;202;207m    [49m

[[1m[34mI[39m[0m] [1m[35msequences[39m[0m: Setting terminal colors.
[[1m[34mI[39m[0m] [1m[35mtemplates[39m[0m: Writing templates..
  * Templated [1mwlogout[0m to '[3m/home/eske/dotfiles/links/.config/wlogout/colors-wlogout.css[0m'
  * Templated [1mswaync[0m to '[3m/home/eske/dotfiles/links/.config/swaync/colors-swaync.css[0m'
  * Templated [1mhypr[0m to '[3m/home/eske/dotfiles/links/.config/hypr/conf/colors-hyprland.conf[0m'
  * Templated [1mrofi[0m to '[3m/home/eske/dotfiles/links/.config/rofi/themes/colors-rofi.rasi[0m'
  * Templated [1mwaybar[0m to '[3m/home/eske/dotfiles/links/.config/waybar/colors-waybar.css[0m'
  * Templated [1mkitty[0m to '[3m/home/eske/dotfiles/links/.config/kitty/colors-kitty.conf[0m'
[[1m[34mI[39m[0m] [1m[35mcache[39m[0m: Saving scheme to cache.

[5m[1m[38;2;202;202;207mE [39m[0m[0m[5m[1m[38;2;165;166;176mN [39m[0m[0m[5m[1m[38;2;123;126;138mJ [39m[0m[0m[5m[1m[38;2;164;100;56mO [39m[0m[0m[5m[1m[38;2;116;71;40mY [39m[0m[0m[9m  [0m[5m[1m[38;2;49;63;66mT [39m[0m[0m[5m[1m[38;2;44;27;17mH [39m[0m[0m[5m[1m[38;2;141;141;145mE [39m[0m[0m[9m  [0m[5m[1m[38;2;202;202;207mP [39m[0m[0m[5m[1m[38;2;165;166;176mA [39m[0m[0m[5m[1m[38;2;123;126;138mL [39m[0m[0m[5m[1m[38;2;164;100;56mE [39m[0m[0m[5m[1m[38;2;116;71;40mT [39m[0m[0m[5m[1m[38;2;49;63;66mT [39m[0m[0m[5m[1m[38;2;44;27;17mE [39m[0m[0m[5m[1m[38;2;224;224;227m! [39m[0m[0m
